build/app/outputs/mapping/release/mapping.txt
# compiler: R8
# compiler_version: 1.5.64
# min_api: 21
# pg_map_id: 7c6b0df
...
io.grpc.DecompressorRegistry -> c.b.v:
    com.google.common.base.Joiner ACCEPT_ENCODING_JOINER -> c
    java.util.Map decompressors -> a
    byte[] advertisedDecompressors -> b
    io.grpc.DecompressorRegistry DEFAULT_INSTANCE -> d
    java.util.Set getAdvertisedMessageEncodings() -> a
    io.grpc.Decompressor lookupDecompressor(java.lang.String) -> a
    io.grpc.DecompressorRegistry with(io.grpc.Decompressor,boolean) -> a
    byte[] getRawAdvertisedMessageEncodings() -> b
    io.grpc.DecompressorRegistry emptyInstance() -> c
    io.grpc.DecompressorRegistry getDefaultInstance() -> d
io.grpc.DecompressorRegistry$DecompressorInfo -> c.b.v$a:
    io.grpc.Decompressor decompressor -> a
    boolean advertised -> b
io.grpc.Drainable -> c.b.w:
    int drainTo(java.io.OutputStream) -> a
io.grpc.EquivalentAddressGroup -> c.b.x:
    java.util.List addrs -> a
    io.grpc.Attributes attrs -> b
    io.grpc.Attributes$Key ATTR_AUTHORITY_OVERRIDE -> d
    int hashCode -> c
    java.util.List getAddresses() -> a
    io.grpc.Attributes getAttributes() -> b
io.grpc.ForwardingChannelBuilder -> c.b.y:
    io.grpc.ForwardingChannelBuilder keepAliveTime(long,java.util.concurrent.TimeUnit) -> a
    io.grpc.ManagedChannelBuilder keepAliveTime(long,java.util.concurrent.TimeUnit) -> a
    io.grpc.ForwardingChannelBuilder usePlaintext() -> b
    io.grpc.ManagedChannelBuilder usePlaintext() -> b
    io.grpc.ManagedChannelBuilder delegate() -> c
    io.grpc.ForwardingChannelBuilder thisT() -> d
io.grpc.ForwardingClientCall -> c.b.z:
    void halfClose() -> a
    void request(int) -> a
    void sendMessage(java.lang.Object) -> a
    void start(io.grpc.ClientCall$Listener,io.grpc.Metadata) -> a
io.grpc.Grpc -> c.b.a0:
    io.grpc.Attributes$Key TRANSPORT_ATTR_REMOTE_ADDR -> a
    io.grpc.Attributes$Key TRANSPORT_ATTR_LOCAL_ADDR -> b
    io.grpc.Attributes$Key TRANSPORT_ATTR_SSL_SESSION -> c
io.grpc.HttpConnectProxiedSocketAddress -> c.b.b0:
    java.net.SocketAddress proxyAddress -> a
    java.net.InetSocketAddress targetAddress -> b
    java.lang.String username -> c
    java.lang.String password -> d
    java.lang.String getPassword() -> a
    java.net.SocketAddress getProxyAddress() -> b
    java.net.InetSocketAddress getTargetAddress() -> c
    java.lang.String getUsername() -> d
    io.grpc.HttpConnectProxiedSocketAddress$Builder newBuilder() -> e
io.grpc.HttpConnectProxiedSocketAddress$1 -> c.b.b0$a:
io.grpc.HttpConnectProxiedSocketAddress$Builder -> c.b.b0$b:
    java.net.SocketAddress proxyAddress -> a
    java.net.InetSocketAddress targetAddress -> b
    java.lang.String username -> c
    java.lang.String password -> d
    io.grpc.HttpConnectProxiedSocketAddress build() -> a
    io.grpc.HttpConnectProxiedSocketAddress$Builder setPassword(java.lang.String) -> a
    io.grpc.HttpConnectProxiedSocketAddress$Builder setProxyAddress(java.net.SocketAddress) -> a
    io.grpc.HttpConnectProxiedSocketAddress$Builder setTargetAddress(java.net.InetSocketAddress) -> a
    io.grpc.HttpConnectProxiedSocketAddress$Builder setUsername(java.lang.String) -> b
io.grpc.InternalChannelz -> c.b.c0:
    io.grpc.InternalChannelz INSTANCE -> e
    java.util.concurrent.ConcurrentNavigableMap rootChannels -> a
    java.util.logging.Logger log -> d
    java.util.concurrent.ConcurrentMap otherSockets -> c
    java.util.concurrent.ConcurrentMap subchannels -> b
    java.util.logging.Logger access$400() -> a
    void add(java.util.Map,io.grpc.InternalInstrumented) -> a
    void addClientSocket(io.grpc.InternalInstrumented) -> a
    long id(io.grpc.InternalWithLogId) -> a
    void addRootChannel(io.grpc.InternalInstrumented) -> b
    io.grpc.InternalChannelz instance() -> b
    void remove(java.util.Map,io.grpc.InternalInstrumented) -> b
    void addSubchannel(io.grpc.InternalInstrumented) -> c
    void removeClientSocket(io.grpc.InternalInstrumented) -> d
    void removeRootChannel(io.grpc.InternalInstrumented) -> e
    void removeSubchannel(io.grpc.InternalInstrumented) -> f